# JRE version: OpenJDK Runtime Environment (21.0+35) (build 21+35-2513)
# Java VM: OpenJDK 64-Bit Server VM (21+35-2513, mixed mode, sharing, tiered, compressed oops, compressed class ptrs, parallel gc, windows-amd64)
GC Precious Log:
 CardTable entry size: 512
 CPUs: 20 total, 20 available
 Memory: 16147M
 Large Page Support: Disabled
 NUMA Support: Disabled
 Compressed Oops: Enabled (32-bit)
 Alignments: Space 512K, Generation 512K, Heap 2M
 Heap Min Capacity: 100M
 Heap Initial Capacity: 100M
 Heap Max Capacity: 2G
 Pre-touch: Disabled
 Parallel Workers: 15
Heap:
 PSYoungGen      total 21504K, used 5438K [0x00000000d5580000, 0x00000000d6d00000, 0x0000000100000000)
  eden space 19968K, 21% used [0x00000000d5580000,0x00000000d5998df0,0x00000000d6900000)
  from space 1536K, 80% used [0x00000000d6b80000,0x00000000d6cb6a58,0x00000000d6d00000)
  to   space 1536K, 0% used [0x00000000d6a00000,0x00000000d6a00000,0x00000000d6b80000)
 ParOldGen       total 68608K, used 34445K [0x0000000080000000, 0x0000000084300000, 0x00000000d5580000)
  object space 68608K, 50% used [0x0000000080000000,0x00000000821a34b8,0x0000000084300000)
 Metaspace       used 43443K, committed 44480K, reserved 1114112K
  class space    used 4122K, committed 4608K, reserved 1048576K
GC Heap History (20 events):
Event: 2.637 GC heap before
{Heap before GC invocations=17 (full 1):
 PSYoungGen      total 24576K, used 24320K [0x00000000d5580000, 0x00000000d7000000, 0x0000000100000000)
  eden space 22016K, 100% used [0x00000000d5580000,0x00000000d6b00000,0x00000000d6b00000)
  from space 2560K, 90% used [0x00000000d6b00000,0x00000000d6d40010,0x00000000d6d80000)
  to   space 2560K, 0% used [0x00000000d6d80000,0x00000000d6d80000,0x00000000d7000000)
 ParOldGen       total 68608K, used 24579K [0x0000000080000000, 0x0000000084300000, 0x00000000d5580000)
  object space 68608K, 35% used [0x0000000080000000,0x0000000081800e00,0x0000000084300000)
 Metaspace       used 32737K, committed 33728K, reserved 1114112K
  class space    used 3190K, committed 3648K, reserved 1048576K
}
Event: 2.639 GC heap after
{Heap after GC invocations=17 (full 1):
 PSYoungGen      total 24576K, used 1952K [0x00000000d5580000, 0x00000000d7000000, 0x0000000100000000)
  eden space 22016K, 0% used [0x00000000d5580000,0x00000000d5580000,0x00000000d6b00000)
  from space 2560K, 76% used [0x00000000d6d80000,0x00000000d6f68000,0x00000000d7000000)
  to   space 2560K, 0% used [0x00000000d6b00000,0x00000000d6b00000,0x00000000d6d80000)
 ParOldGen       total 68608K, used 26699K [0x0000000080000000, 0x0000000084300000, 0x00000000d5580000)
  object space 68608K, 38% used [0x0000000080000000,0x0000000081a12e10,0x0000000084300000)
 Metaspace       used 32737K, committed 33728K, reserved 1114112K
  class space    used 3190K, committed 3648K, reserved 1048576K
}
Event: 2.865 GC heap before
{Heap before GC invocations=18 (full 1):
 PSYoungGen      total 24576K, used 18108K [0x00000000d5580000, 0x00000000d7000000, 0x0000000100000000)
  eden space 22016K, 73% used [0x00000000d5580000,0x00000000d65472d0,0x00000000d6b00000)
  from space 2560K, 76% used [0x00000000d6d80000,0x00000000d6f68000,0x00000000d7000000)
  to   space 2560K, 0% used [0x00000000d6b00000,0x00000000d6b00000,0x00000000d6d80000)
 ParOldGen       total 68608K, used 26699K [0x0000000080000000, 0x0000000084300000, 0x00000000d5580000)
  object space 68608K, 38% used [0x0000000080000000,0x0000000081a12e10,0x0000000084300000)
 Metaspace       used 34946K, committed 35840K, reserved 1114112K
  class space    used 3423K, committed 3840K, reserved 1048576K
}
Event: 2.866 GC heap after
{Heap after GC invocations=18 (full 1):
 PSYoungGen      total 23552K, used 1156K [0x00000000d5580000, 0x00000000d6e00000, 0x0000000100000000)
  eden space 22016K, 0% used [0x00000000d5580000,0x00000000d5580000,0x00000000d6b00000)
  from space 1536K, 75% used [0x00000000d6b00000,0x00000000d6c21268,0x00000000d6c80000)
  to   space 1536K, 0% used [0x00000000d6c80000,0x00000000d6c80000,0x00000000d6e00000)
 ParOldGen       total 68608K, used 28496K [0x0000000080000000, 0x0000000084300000, 0x00000000d5580000)
  object space 68608K, 41% used [0x0000000080000000,0x0000000081bd4368,0x0000000084300000)
 Metaspace       used 34946K, committed 35840K, reserved 1114112K
  class space    used 3423K, committed 3840K, reserved 1048576K
}
Event: 2.866 GC heap before
{Heap before GC invocations=19 (full 2):
 PSYoungGen      total 23552K, used 1156K [0x00000000d5580000, 0x00000000d6e00000, 0x0000000100000000)
  eden space 22016K, 0% used [0x00000000d5580000,0x00000000d5580000,0x00000000d6b00000)
  from space 1536K, 75% used [0x00000000d6b00000,0x00000000d6c21268,0x00000000d6c80000)
  to   space 1536K, 0% used [0x00000000d6c80000,0x00000000d6c80000,0x00000000d6e00000)
 ParOldGen       total 68608K, used 28496K [0x0000000080000000, 0x0000000084300000, 0x00000000d5580000)
  object space 68608K, 41% used [0x0000000080000000,0x0000000081bd4368,0x0000000084300000)
 Metaspace       used 34946K, committed 35840K, reserved 1114112K
  class space    used 3423K, committed 3840K, reserved 1048576K
}
Event: 2.889 GC heap after
{Heap after GC invocations=19 (full 2):
 PSYoungGen      total 23552K, used 0K [0x00000000d5580000, 0x00000000d6e00000, 0x0000000100000000)
  eden space 22016K, 0% used [0x00000000d5580000,0x00000000d5580000,0x00000000d6b00000)
  from space 1536K, 0% used [0x00000000d6b00000,0x00000000d6b00000,0x00000000d6c80000)
  to   space 1536K, 0% used [0x00000000d6c80000,0x00000000d6c80000,0x00000000d6e00000)
 ParOldGen       total 68608K, used 28128K [0x0000000080000000, 0x0000000084300000, 0x00000000d5580000)
  object space 68608K, 40% used [0x0000000080000000,0x0000000081b78230,0x0000000084300000)
 Metaspace       used 34946K, committed 35840K, reserved 1114112K
  class space    used 3423K, committed 3840K, reserved 1048576K
}
Event: 3.103 GC heap before
{Heap before GC invocations=20 (full 2):
 PSYoungGen      total 23552K, used 22016K [0x00000000d5580000, 0x00000000d6e00000, 0x0000000100000000)
  eden space 22016K, 100% used [0x00000000d5580000,0x00000000d6b00000,0x00000000d6b00000)
  from space 1536K, 0% used [0x00000000d6b00000,0x00000000d6b00000,0x00000000d6c80000)
  to   space 1536K, 0% used [0x00000000d6c80000,0x00000000d6c80000,0x00000000d6e00000)
 ParOldGen       total 68608K, used 28128K [0x0000000080000000, 0x0000000084300000, 0x00000000d5580000)
  object space 68608K, 40% used [0x0000000080000000,0x0000000081b78230,0x0000000084300000)
 Metaspace       used 35887K, committed 36800K, reserved 1114112K
  class space    used 3542K, committed 3968K, reserved 1048576K
}
Event: 3.104 GC heap after
{Heap after GC invocations=20 (full 2):
 PSYoungGen      total 22528K, used 512K [0x00000000d5580000, 0x00000000d6d00000, 0x0000000100000000)
  eden space 22016K, 0% used [0x00000000d5580000,0x00000000d5580000,0x00000000d6b00000)
  from space 512K, 100% used [0x00000000d6c80000,0x00000000d6d00000,0x00000000d6d00000)
  to   space 1024K, 0% used [0x00000000d6b00000,0x00000000d6b00000,0x00000000d6c00000)
 ParOldGen       total 68608K, used 28136K [0x0000000080000000, 0x0000000084300000, 0x00000000d5580000)
  object space 68608K, 41% used [0x0000000080000000,0x0000000081b7a230,0x0000000084300000)
 Metaspace       used 35887K, committed 36800K, reserved 1114112K
  class space    used 3542K, committed 3968K, reserved 1048576K
}
Event: 3.290 GC heap before
{Heap before GC invocations=21 (full 2):
 PSYoungGen      total 22528K, used 22528K [0x00000000d5580000, 0x00000000d6d00000, 0x0000000100000000)
  eden space 22016K, 100% used [0x00000000d5580000,0x00000000d6b00000,0x00000000d6b00000)
  from space 512K, 100% used [0x00000000d6c80000,0x00000000d6d00000,0x00000000d6d00000)
  to   space 1024K, 0% used [0x00000000d6b00000,0x00000000d6b00000,0x00000000d6c00000)
 ParOldGen       total 68608K, used 28136K [0x0000000080000000, 0x0000000084300000, 0x00000000d5580000)
  object space 68608K, 41% used [0x0000000080000000,0x0000000081b7a230,0x0000000084300000)
 Metaspace       used 37233K, committed 38144K, reserved 1114112K
  class space    used 3658K, committed 4096K, reserved 1048576K
}
Event: 3.291 GC heap after
{Heap after GC invocations=21 (full 2):
 PSYoungGen      total 23040K, used 1017K [0x00000000d5580000, 0x00000000d6f00000, 0x0000000100000000)
  eden space 22016K, 0% used [0x00000000d5580000,0x00000000d5580000,0x00000000d6b00000)
  from space 1024K, 99% used [0x00000000d6b00000,0x00000000d6bfe470,0x00000000d6c00000)
  to   space 2048K, 0% used [0x00000000d6d00000,0x00000000d6d00000,0x00000000d6f00000)
 ParOldGen       total 68608K, used 28643K [0x0000000080000000, 0x0000000084300000, 0x00000000d5580000)
  object space 68608K, 41% used [0x0000000080000000,0x0000000081bf8fc0,0x0000000084300000)
 Metaspace       used 37233K, committed 38144K, reserved 1114112K
  class space    used 3658K, committed 4096K, reserved 1048576K
}
Event: 3.327 GC heap before
{Heap before GC invocations=22 (full 2):
 PSYoungGen      total 23040K, used 23033K [0x00000000d5580000, 0x00000000d6f00000, 0x0000000100000000)
  eden space 22016K, 100% used [0x00000000d5580000,0x00000000d6b00000,0x00000000d6b00000)
  from space 1024K, 99% used [0x00000000d6b00000,0x00000000d6bfe470,0x00000000d6c00000)
  to   space 2048K, 0% used [0x00000000d6d00000,0x00000000d6d00000,0x00000000d6f00000)
 ParOldGen       total 68608K, used 28643K [0x0000000080000000, 0x0000000084300000, 0x00000000d5580000)
  object space 68608K, 41% used [0x0000000080000000,0x0000000081bf8fc0,0x0000000084300000)
 Metaspace       used 37248K, committed 38208K, reserved 1114112K
  class space    used 3658K, committed 4096K, reserved 1048576K
}
Event: 3.328 GC heap after
{Heap after GC invocations=22 (full 2):
 PSYoungGen      total 24064K, used 1697K [0x00000000d5580000, 0x00000000d6f00000, 0x0000000100000000)
  eden space 22016K, 0% used [0x00000000d5580000,0x00000000d5580000,0x00000000d6b00000)
  from space 2048K, 82% used [0x00000000d6d00000,0x00000000d6ea8520,0x00000000d6f00000)
  to   space 2048K, 0% used [0x00000000d6b00000,0x00000000d6b00000,0x00000000d6d00000)
 ParOldGen       total 68608K, used 29600K [0x0000000080000000, 0x0000000084300000, 0x00000000d5580000)
  object space 68608K, 43% used [0x0000000080000000,0x0000000081ce8228,0x0000000084300000)
 Metaspace       used 37248K, committed 38208K, reserved 1114112K
  class space    used 3658K, committed 4096K, reserved 1048576K
}
Event: 4.083 GC heap before
{Heap before GC invocations=23 (full 2):
 PSYoungGen      total 24064K, used 23713K [0x00000000d5580000, 0x00000000d6f00000, 0x0000000100000000)
  eden space 22016K, 100% used [0x00000000d5580000,0x00000000d6b00000,0x00000000d6b00000)
  from space 2048K, 82% used [0x00000000d6d00000,0x00000000d6ea8520,0x00000000d6f00000)
  to   space 2048K, 0% used [0x00000000d6b00000,0x00000000d6b00000,0x00000000d6d00000)
 ParOldGen       total 68608K, used 29600K [0x0000000080000000, 0x0000000084300000, 0x00000000d5580000)
  object space 68608K, 43% used [0x0000000080000000,0x0000000081ce8228,0x0000000084300000)
 Metaspace       used 39409K, committed 40384K, reserved 1114112K
  class space    used 3840K, committed 4288K, reserved 1048576K
}
Event: 4.084 GC heap after
{Heap after GC invocations=23 (full 2):
 PSYoungGen      total 23040K, used 983K [0x00000000d5580000, 0x00000000d6e00000, 0x0000000100000000)
  eden space 22016K, 0% used [0x00000000d5580000,0x00000000d5580000,0x00000000d6b00000)
  from space 1024K, 96% used [0x00000000d6b00000,0x00000000d6bf5cd0,0x00000000d6c00000)
  to   space 1536K, 0% used [0x00000000d6c80000,0x00000000d6c80000,0x00000000d6e00000)
 ParOldGen       total 68608K, used 29912K [0x0000000080000000, 0x0000000084300000, 0x00000000d5580000)
  object space 68608K, 43% used [0x0000000080000000,0x0000000081d36228,0x0000000084300000)
 Metaspace       used 39409K, committed 40384K, reserved 1114112K
  class space    used 3840K, committed 4288K, reserved 1048576K
}
Event: 5.027 GC heap before
{Heap before GC invocations=24 (full 2):
 PSYoungGen      total 23040K, used 22999K [0x00000000d5580000, 0x00000000d6e00000, 0x0000000100000000)
  eden space 22016K, 100% used [0x00000000d5580000,0x00000000d6b00000,0x00000000d6b00000)
  from space 1024K, 96% used [0x00000000d6b00000,0x00000000d6bf5cd0,0x00000000d6c00000)
  to   space 1536K, 0% used [0x00000000d6c80000,0x00000000d6c80000,0x00000000d6e00000)
 ParOldGen       total 68608K, used 29912K [0x0000000080000000, 0x0000000084300000, 0x00000000d5580000)
  object space 68608K, 43% used [0x0000000080000000,0x0000000081d36228,0x0000000084300000)
 Metaspace       used 41561K, committed 42560K, reserved 1114112K
  class space    used 4033K, committed 4480K, reserved 1048576K
}
Event: 5.029 GC heap after
{Heap after GC invocations=24 (full 2):
 PSYoungGen      total 21504K, used 1507K [0x00000000d5580000, 0x00000000d7200000, 0x0000000100000000)
  eden space 19968K, 0% used [0x00000000d5580000,0x00000000d5580000,0x00000000d6900000)
  from space 1536K, 98% used [0x00000000d6c80000,0x00000000d6df8d30,0x00000000d6e00000)
  to   space 3584K, 0% used [0x00000000d6900000,0x00000000d6900000,0x00000000d6c80000)
 ParOldGen       total 68608K, used 31523K [0x0000000080000000, 0x0000000084300000, 0x00000000d5580000)
  object space 68608K, 45% used [0x0000000080000000,0x0000000081ec8f88,0x0000000084300000)
 Metaspace       used 41561K, committed 42560K, reserved 1114112K
  class space    used 4033K, committed 4480K, reserved 1048576K
}
Event: 5.318 GC heap before
{Heap before GC invocations=25 (full 2):
 PSYoungGen      total 21504K, used 21475K [0x00000000d5580000, 0x00000000d7200000, 0x0000000100000000)
  eden space 19968K, 100% used [0x00000000d5580000,0x00000000d6900000,0x00000000d6900000)
  from space 1536K, 98% used [0x00000000d6c80000,0x00000000d6df8d30,0x00000000d6e00000)
  to   space 3584K, 0% used [0x00000000d6900000,0x00000000d6900000,0x00000000d6c80000)
 ParOldGen       total 68608K, used 31523K [0x0000000080000000, 0x0000000084300000, 0x00000000d5580000)
  object space 68608K, 45% used [0x0000000080000000,0x0000000081ec8f88,0x0000000084300000)
 Metaspace       used 42944K, committed 43968K, reserved 1114112K
  class space    used 4114K, committed 4544K, reserved 1048576K
}
Event: 5.319 GC heap after
{Heap after GC invocations=25 (full 2):
 PSYoungGen      total 22016K, used 1618K [0x00000000d5580000, 0x00000000d6e00000, 0x0000000100000000)
  eden space 19968K, 0% used [0x00000000d5580000,0x00000000d5580000,0x00000000d6900000)
  from space 2048K, 79% used [0x00000000d6900000,0x00000000d6a94838,0x00000000d6b00000)
  to   space 2560K, 0% used [0x00000000d6b80000,0x00000000d6b80000,0x00000000d6e00000)
 ParOldGen       total 68608K, used 33420K [0x0000000080000000, 0x0000000084300000, 0x00000000d5580000)
  object space 68608K, 48% used [0x0000000080000000,0x00000000820a3208,0x0000000084300000)
 Metaspace       used 42944K, committed 43968K, reserved 1114112K
  class space    used 4114K, committed 4544K, reserved 1048576K
}
Event: 5.508 GC heap before
{Heap before GC invocations=26 (full 2):
 PSYoungGen      total 22016K, used 21586K [0x00000000d5580000, 0x00000000d6e00000, 0x0000000100000000)
  eden space 19968K, 100% used [0x00000000d5580000,0x00000000d6900000,0x00000000d6900000)
  from space 2048K, 79% used [0x00000000d6900000,0x00000000d6a94838,0x00000000d6b00000)
  to   space 2560K, 0% used [0x00000000d6b80000,0x00000000d6b80000,0x00000000d6e00000)
 ParOldGen       total 68608K, used 33420K [0x0000000080000000, 0x0000000084300000, 0x00000000d5580000)
  object space 68608K, 48% used [0x0000000080000000,0x00000000820a3208,0x0000000084300000)
 Metaspace       used 43334K, committed 44224K, reserved 1114112K
  class space    used 4120K, committed 4544K, reserved 1048576K
}
Event: 5.510 GC heap after
{Heap after GC invocations=26 (full 2):
 PSYoungGen      total 21504K, used 1242K [0x00000000d5580000, 0x00000000d6d00000, 0x0000000100000000)
  eden space 19968K, 0% used [0x00000000d5580000,0x00000000d5580000,0x00000000d6900000)
  from space 1536K, 80% used [0x00000000d6b80000,0x00000000d6cb6a58,0x00000000d6d00000)
  to   space 1536K, 0% used [0x00000000d6a00000,0x00000000d6a00000,0x00000000d6b80000)
 ParOldGen       total 68608K, used 34445K [0x0000000080000000, 0x0000000084300000, 0x00000000d5580000)
  object space 68608K, 50% used [0x0000000080000000,0x00000000821a34b8,0x0000000084300000)
 Metaspace       used 43334K, committed 44224K, reserved 1114112K
  class space    used 4120K, committed 4544K, reserved 1048576K
}

