# JRE version: OpenJDK Runtime Environment (21.0+35) (build 21+35-2513)
# Java VM: OpenJDK 64-Bit Server VM (21+35-2513, mixed mode, sharing, tiered, compressed oops, compressed class ptrs, parallel gc, windows-amd64)
GC Precious Log:
 CardTable entry size: 512
 CPUs: 20 total, 20 available
 Memory: 16147M
 Large Page Support: Disabled
 NUMA Support: Disabled
 Compressed Oops: Enabled (32-bit)
 Alignments: Space 512K, Generation 512K, Heap 2M
 Heap Min Capacity: 100M
 Heap Initial Capacity: 100M
 Heap Max Capacity: 2G
 Pre-touch: Disabled
 Parallel Workers: 15
Heap:
 PSYoungGen      total 23040K, used 5853K [0x00000000d5580000, 0x00000000d6f00000, 0x0000000100000000)
  eden space 21504K, 20% used [0x00000000d5580000,0x00000000d59b76f0,0x00000000d6a80000)
  from space 1536K, 100% used [0x00000000d6c80000,0x00000000d6e00000,0x00000000d6e00000)
  to   space 2048K, 0% used [0x00000000d6a80000,0x00000000d6a80000,0x00000000d6c80000)
 ParOldGen       total 68608K, used 44270K [0x0000000080000000, 0x0000000084300000, 0x00000000d5580000)
  object space 68608K, 64% used [0x0000000080000000,0x0000000082b3b8f0,0x0000000084300000)
 Metaspace       used 46955K, committed 48192K, reserved 1114112K
  class space    used 4910K, committed 5440K, reserved 1048576K
GC Heap History (20 events):
Event: 3.379 GC heap before
{Heap before GC invocations=19 (full 2):
 PSYoungGen      total 24064K, used 23991K [0x00000000d5580000, 0x00000000d7380000, 0x0000000100000000)
  eden space 22016K, 99% used [0x00000000d5580000,0x00000000d6afde78,0x00000000d6b00000)
  from space 2048K, 96% used [0x00000000d7180000,0x00000000d7370030,0x00000000d7380000)
  to   space 3584K, 0% used [0x00000000d6c80000,0x00000000d6c80000,0x00000000d7000000)
 ParOldGen       total 68608K, used 27321K [0x0000000080000000, 0x0000000084300000, 0x00000000d5580000)
  object space 68608K, 39% used [0x0000000080000000,0x0000000081aae770,0x0000000084300000)
 Metaspace       used 39162K, committed 40448K, reserved 1114112K
  class space    used 3906K, committed 4480K, reserved 1048576K
}
Event: 3.381 GC heap after
{Heap after GC invocations=19 (full 2):
 PSYoungGen      total 24064K, used 1969K [0x00000000d5580000, 0x00000000d7200000, 0x0000000100000000)
  eden space 22016K, 0% used [0x00000000d5580000,0x00000000d5580000,0x00000000d6b00000)
  from space 2048K, 96% used [0x00000000d6c80000,0x00000000d6e6c410,0x00000000d6e80000)
  to   space 2560K, 0% used [0x00000000d6f80000,0x00000000d6f80000,0x00000000d7200000)
 ParOldGen       total 68608K, used 29057K [0x0000000080000000, 0x0000000084300000, 0x00000000d5580000)
  object space 68608K, 42% used [0x0000000080000000,0x0000000081c607b0,0x0000000084300000)
 Metaspace       used 39162K, committed 40448K, reserved 1114112K
  class space    used 3906K, committed 4480K, reserved 1048576K
}
Event: 3.402 GC heap before
{Heap before GC invocations=20 (full 2):
 PSYoungGen      total 24064K, used 23985K [0x00000000d5580000, 0x00000000d7200000, 0x0000000100000000)
  eden space 22016K, 100% used [0x00000000d5580000,0x00000000d6b00000,0x00000000d6b00000)
  from space 2048K, 96% used [0x00000000d6c80000,0x00000000d6e6c410,0x00000000d6e80000)
  to   space 2560K, 0% used [0x00000000d6f80000,0x00000000d6f80000,0x00000000d7200000)
 ParOldGen       total 68608K, used 29057K [0x0000000080000000, 0x0000000084300000, 0x00000000d5580000)
  object space 68608K, 42% used [0x0000000080000000,0x0000000081c607b0,0x0000000084300000)
 Metaspace       used 39310K, committed 40576K, reserved 1114112K
  class space    used 3922K, committed 4480K, reserved 1048576K
}
Event: 3.404 GC heap after
{Heap after GC invocations=20 (full 2):
 PSYoungGen      total 24576K, used 2080K [0x00000000d5580000, 0x00000000d7200000, 0x0000000100000000)
  eden space 22016K, 0% used [0x00000000d5580000,0x00000000d5580000,0x00000000d6b00000)
  from space 2560K, 81% used [0x00000000d6f80000,0x00000000d7188010,0x00000000d7200000)
  to   space 2560K, 0% used [0x00000000d6d00000,0x00000000d6d00000,0x00000000d6f80000)
 ParOldGen       total 68608K, used 30813K [0x0000000080000000, 0x0000000084300000, 0x00000000d5580000)
  object space 68608K, 44% used [0x0000000080000000,0x0000000081e17708,0x0000000084300000)
 Metaspace       used 39310K, committed 40576K, reserved 1114112K
  class space    used 3922K, committed 4480K, reserved 1048576K
}
Event: 3.442 GC heap before
{Heap before GC invocations=21 (full 2):
 PSYoungGen      total 24576K, used 24096K [0x00000000d5580000, 0x00000000d7200000, 0x0000000100000000)
  eden space 22016K, 100% used [0x00000000d5580000,0x00000000d6b00000,0x00000000d6b00000)
  from space 2560K, 81% used [0x00000000d6f80000,0x00000000d7188010,0x00000000d7200000)
  to   space 2560K, 0% used [0x00000000d6d00000,0x00000000d6d00000,0x00000000d6f80000)
 ParOldGen       total 68608K, used 30813K [0x0000000080000000, 0x0000000084300000, 0x00000000d5580000)
  object space 68608K, 44% used [0x0000000080000000,0x0000000081e17708,0x0000000084300000)
 Metaspace       used 39507K, committed 40768K, reserved 1114112K
  class space    used 3939K, committed 4480K, reserved 1048576K
}
Event: 3.444 GC heap after
{Heap after GC invocations=21 (full 2):
 PSYoungGen      total 24576K, used 2274K [0x00000000d5580000, 0x00000000d7000000, 0x0000000100000000)
  eden space 22016K, 0% used [0x00000000d5580000,0x00000000d5580000,0x00000000d6b00000)
  from space 2560K, 88% used [0x00000000d6d00000,0x00000000d6f38800,0x00000000d6f80000)
  to   space 512K, 0% used [0x00000000d6f80000,0x00000000d6f80000,0x00000000d7000000)
 ParOldGen       total 68608K, used 32757K [0x0000000080000000, 0x0000000084300000, 0x00000000d5580000)
  object space 68608K, 47% used [0x0000000080000000,0x0000000081ffd718,0x0000000084300000)
 Metaspace       used 39507K, committed 40768K, reserved 1114112K
  class space    used 3939K, committed 4480K, reserved 1048576K
}
Event: 3.476 GC heap before
{Heap before GC invocations=22 (full 2):
 PSYoungGen      total 24576K, used 24290K [0x00000000d5580000, 0x00000000d7000000, 0x0000000100000000)
  eden space 22016K, 100% used [0x00000000d5580000,0x00000000d6b00000,0x00000000d6b00000)
  from space 2560K, 88% used [0x00000000d6d00000,0x00000000d6f38800,0x00000000d6f80000)
  to   space 512K, 0% used [0x00000000d6f80000,0x00000000d6f80000,0x00000000d7000000)
 ParOldGen       total 68608K, used 32757K [0x0000000080000000, 0x0000000084300000, 0x00000000d5580000)
  object space 68608K, 47% used [0x0000000080000000,0x0000000081ffd718,0x0000000084300000)
 Metaspace       used 39818K, committed 41088K, reserved 1114112K
  class space    used 3997K, committed 4544K, reserved 1048576K
}
Event: 3.478 GC heap after
{Heap after GC invocations=22 (full 2):
 PSYoungGen      total 22528K, used 512K [0x00000000d5580000, 0x00000000d7300000, 0x0000000100000000)
  eden space 22016K, 0% used [0x00000000d5580000,0x00000000d5580000,0x00000000d6b00000)
  from space 512K, 100% used [0x00000000d6f80000,0x00000000d7000000,0x00000000d7000000)
  to   space 4096K, 0% used [0x00000000d6b00000,0x00000000d6b00000,0x00000000d6f00000)
 ParOldGen       total 68608K, used 36060K [0x0000000080000000, 0x0000000084300000, 0x00000000d5580000)
  object space 68608K, 52% used [0x0000000080000000,0x00000000823371f0,0x0000000084300000)
 Metaspace       used 39818K, committed 41088K, reserved 1114112K
  class space    used 3997K, committed 4544K, reserved 1048576K
}
Event: 3.513 GC heap before
{Heap before GC invocations=23 (full 2):
 PSYoungGen      total 22528K, used 22528K [0x00000000d5580000, 0x00000000d7300000, 0x0000000100000000)
  eden space 22016K, 100% used [0x00000000d5580000,0x00000000d6b00000,0x00000000d6b00000)
  from space 512K, 100% used [0x00000000d6f80000,0x00000000d7000000,0x00000000d7000000)
  to   space 4096K, 0% used [0x00000000d6b00000,0x00000000d6b00000,0x00000000d6f00000)
 ParOldGen       total 68608K, used 36060K [0x0000000080000000, 0x0000000084300000, 0x00000000d5580000)
  object space 68608K, 52% used [0x0000000080000000,0x00000000823371f0,0x0000000084300000)
 Metaspace       used 40018K, committed 41216K, reserved 1114112K
  class space    used 4020K, committed 4544K, reserved 1048576K
}
Event: 3.515 GC heap after
{Heap after GC invocations=23 (full 2):
 PSYoungGen      total 24576K, used 2352K [0x00000000d5580000, 0x00000000d7100000, 0x0000000100000000)
  eden space 22016K, 0% used [0x00000000d5580000,0x00000000d5580000,0x00000000d6b00000)
  from space 2560K, 91% used [0x00000000d6b00000,0x00000000d6d4c350,0x00000000d6d80000)
  to   space 3072K, 0% used [0x00000000d6e00000,0x00000000d6e00000,0x00000000d7100000)
 ParOldGen       total 68608K, used 36644K [0x0000000080000000, 0x0000000084300000, 0x00000000d5580000)
  object space 68608K, 53% used [0x0000000080000000,0x00000000823c91f0,0x0000000084300000)
 Metaspace       used 40018K, committed 41216K, reserved 1114112K
  class space    used 4020K, committed 4544K, reserved 1048576K
}
Event: 3.541 GC heap before
{Heap before GC invocations=24 (full 2):
 PSYoungGen      total 24576K, used 24368K [0x00000000d5580000, 0x00000000d7100000, 0x0000000100000000)
  eden space 22016K, 100% used [0x00000000d5580000,0x00000000d6b00000,0x00000000d6b00000)
  from space 2560K, 91% used [0x00000000d6b00000,0x00000000d6d4c350,0x00000000d6d80000)
  to   space 3072K, 0% used [0x00000000d6e00000,0x00000000d6e00000,0x00000000d7100000)
 ParOldGen       total 68608K, used 36644K [0x0000000080000000, 0x0000000084300000, 0x00000000d5580000)
  object space 68608K, 53% used [0x0000000080000000,0x00000000823c91f0,0x0000000084300000)
 Metaspace       used 40205K, committed 41472K, reserved 1114112K
  class space    used 4050K, committed 4608K, reserved 1048576K
}
Event: 3.543 GC heap after
{Heap after GC invocations=24 (full 2):
 PSYoungGen      total 24576K, used 2091K [0x00000000d5580000, 0x00000000d7080000, 0x0000000100000000)
  eden space 22016K, 0% used [0x00000000d5580000,0x00000000d5580000,0x00000000d6b00000)
  from space 2560K, 81% used [0x00000000d6e00000,0x00000000d700ad18,0x00000000d7080000)
  to   space 2560K, 0% used [0x00000000d6b00000,0x00000000d6b00000,0x00000000d6d80000)
 ParOldGen       total 68608K, used 38792K [0x0000000080000000, 0x0000000084300000, 0x00000000d5580000)
  object space 68608K, 56% used [0x0000000080000000,0x00000000825e22f8,0x0000000084300000)
 Metaspace       used 40205K, committed 41472K, reserved 1114112K
  class space    used 4050K, committed 4608K, reserved 1048576K
}
Event: 3.582 GC heap before
{Heap before GC invocations=25 (full 2):
 PSYoungGen      total 24576K, used 24107K [0x00000000d5580000, 0x00000000d7080000, 0x0000000100000000)
  eden space 22016K, 100% used [0x00000000d5580000,0x00000000d6b00000,0x00000000d6b00000)
  from space 2560K, 81% used [0x00000000d6e00000,0x00000000d700ad18,0x00000000d7080000)
  to   space 2560K, 0% used [0x00000000d6b00000,0x00000000d6b00000,0x00000000d6d80000)
 ParOldGen       total 68608K, used 38792K [0x0000000080000000, 0x0000000084300000, 0x00000000d5580000)
  object space 68608K, 56% used [0x0000000080000000,0x00000000825e22f8,0x0000000084300000)
 Metaspace       used 40469K, committed 41664K, reserved 1114112K
  class space    used 4080K, committed 4608K, reserved 1048576K
}
Event: 3.584 GC heap after
{Heap after GC invocations=25 (full 2):
 PSYoungGen      total 24576K, used 2440K [0x00000000d5580000, 0x00000000d7000000, 0x0000000100000000)
  eden space 22016K, 0% used [0x00000000d5580000,0x00000000d5580000,0x00000000d6b00000)
  from space 2560K, 95% used [0x00000000d6b00000,0x00000000d6d62000,0x00000000d6d80000)
  to   space 2560K, 0% used [0x00000000d6d80000,0x00000000d6d80000,0x00000000d7000000)
 ParOldGen       total 68608K, used 40732K [0x0000000080000000, 0x0000000084300000, 0x00000000d5580000)
  object space 68608K, 59% used [0x0000000080000000,0x00000000827c7010,0x0000000084300000)
 Metaspace       used 40469K, committed 41664K, reserved 1114112K
  class space    used 4080K, committed 4608K, reserved 1048576K
}
Event: 3.786 GC heap before
{Heap before GC invocations=26 (full 2):
 PSYoungGen      total 24576K, used 24456K [0x00000000d5580000, 0x00000000d7000000, 0x0000000100000000)
  eden space 22016K, 100% used [0x00000000d5580000,0x00000000d6b00000,0x00000000d6b00000)
  from space 2560K, 95% used [0x00000000d6b00000,0x00000000d6d62000,0x00000000d6d80000)
  to   space 2560K, 0% used [0x00000000d6d80000,0x00000000d6d80000,0x00000000d7000000)
 ParOldGen       total 68608K, used 40732K [0x0000000080000000, 0x0000000084300000, 0x00000000d5580000)
  object space 68608K, 59% used [0x0000000080000000,0x00000000827c7010,0x0000000084300000)
 Metaspace       used 41899K, committed 43136K, reserved 1114112K
  class space    used 4256K, committed 4800K, reserved 1048576K
}
Event: 3.788 GC heap after
{Heap after GC invocations=26 (full 2):
 PSYoungGen      total 23552K, used 1024K [0x00000000d5580000, 0x00000000d6f00000, 0x0000000100000000)
  eden space 22016K, 0% used [0x00000000d5580000,0x00000000d5580000,0x00000000d6b00000)
  from space 1536K, 66% used [0x00000000d6d80000,0x00000000d6e80000,0x00000000d6f00000)
  to   space 2048K, 0% used [0x00000000d6b00000,0x00000000d6b00000,0x00000000d6d00000)
 ParOldGen       total 68608K, used 42944K [0x0000000080000000, 0x0000000084300000, 0x00000000d5580000)
  object space 68608K, 62% used [0x0000000080000000,0x00000000829f0368,0x0000000084300000)
 Metaspace       used 41899K, committed 43136K, reserved 1114112K
  class space    used 4256K, committed 4800K, reserved 1048576K
}
Event: 4.014 GC heap before
{Heap before GC invocations=27 (full 2):
 PSYoungGen      total 23552K, used 23039K [0x00000000d5580000, 0x00000000d6f00000, 0x0000000100000000)
  eden space 22016K, 99% used [0x00000000d5580000,0x00000000d6affc90,0x00000000d6b00000)
  from space 1536K, 66% used [0x00000000d6d80000,0x00000000d6e80000,0x00000000d6f00000)
  to   space 2048K, 0% used [0x00000000d6b00000,0x00000000d6b00000,0x00000000d6d00000)
 ParOldGen       total 68608K, used 42944K [0x0000000080000000, 0x0000000084300000, 0x00000000d5580000)
  object space 68608K, 62% used [0x0000000080000000,0x00000000829f0368,0x0000000084300000)
 Metaspace       used 43982K, committed 45184K, reserved 1114112K
  class space    used 4516K, committed 5056K, reserved 1048576K
}
Event: 4.015 GC heap after
{Heap after GC invocations=27 (full 2):
 PSYoungGen      total 23040K, used 907K [0x00000000d5580000, 0x00000000d6e00000, 0x0000000100000000)
  eden space 22016K, 0% used [0x00000000d5580000,0x00000000d5580000,0x00000000d6b00000)
  from space 1024K, 88% used [0x00000000d6b00000,0x00000000d6be2d30,0x00000000d6c00000)
  to   space 1536K, 0% used [0x00000000d6c80000,0x00000000d6c80000,0x00000000d6e00000)
 ParOldGen       total 68608K, used 43670K [0x0000000080000000, 0x0000000084300000, 0x00000000d5580000)
  object space 68608K, 63% used [0x0000000080000000,0x0000000082aa58f0,0x0000000084300000)
 Metaspace       used 43982K, committed 45184K, reserved 1114112K
  class space    used 4516K, committed 5056K, reserved 1048576K
}
Event: 4.326 GC heap before
{Heap before GC invocations=28 (full 2):
 PSYoungGen      total 23040K, used 22923K [0x00000000d5580000, 0x00000000d6e00000, 0x0000000100000000)
  eden space 22016K, 100% used [0x00000000d5580000,0x00000000d6b00000,0x00000000d6b00000)
  from space 1024K, 88% used [0x00000000d6b00000,0x00000000d6be2d30,0x00000000d6c00000)
  to   space 1536K, 0% used [0x00000000d6c80000,0x00000000d6c80000,0x00000000d6e00000)
 ParOldGen       total 68608K, used 43670K [0x0000000080000000, 0x0000000084300000, 0x00000000d5580000)
  object space 68608K, 63% used [0x0000000080000000,0x0000000082aa58f0,0x0000000084300000)
 Metaspace       used 46460K, committed 47680K, reserved 1114112K
  class space    used 4837K, committed 5376K, reserved 1048576K
}
Event: 4.327 GC heap after
{Heap after GC invocations=28 (full 2):
 PSYoungGen      total 23040K, used 1536K [0x00000000d5580000, 0x00000000d6f00000, 0x0000000100000000)
  eden space 21504K, 0% used [0x00000000d5580000,0x00000000d5580000,0x00000000d6a80000)
  from space 1536K, 100% used [0x00000000d6c80000,0x00000000d6e00000,0x00000000d6e00000)
  to   space 2048K, 0% used [0x00000000d6a80000,0x00000000d6a80000,0x00000000d6c80000)
 ParOldGen       total 68608K, used 44270K [0x0000000080000000, 0x0000000084300000, 0x00000000d5580000)
  object space 68608K, 64% used [0x0000000080000000,0x0000000082b3b8f0,0x0000000084300000)
 Metaspace       used 46460K, committed 47680K, reserved 1114112K
  class space    used 4837K, committed 5376K, reserved 1048576K
}

